PREHOOK: query: create table testvec(id int, dt int, greg_dt string) stored as orc
PREHOOK: type: CREATETABLE
PREHOOK: Output: database:default
POSTHOOK: query: create table testvec(id int, dt int, greg_dt string) stored as orc
POSTHOOK: type: CREATETABLE
POSTHOOK: Output: database:default
POSTHOOK: Output: default@testvec
PREHOOK: query: load data local inpath '../../data/files/testvec.orc' overwrite into table testvec
PREHOOK: type: LOAD
#### A masked pattern was here ####
PREHOOK: Output: default@testvec
POSTHOOK: query: load data local inpath '../../data/files/testvec.orc' overwrite into table testvec
POSTHOOK: type: LOAD
#### A masked pattern was here ####
POSTHOOK: Output: default@testvec
PREHOOK: query: explain select max(dt), max(greg_dt) from testvec where id=5
PREHOOK: type: QUERY
POSTHOOK: query: explain select max(dt), max(greg_dt) from testvec where id=5
POSTHOOK: type: QUERY
STAGE DEPENDENCIES:
  Stage-1 is a root stage
  Stage-0 is a root stage

STAGE PLANS:
  Stage: Stage-1
    Map Reduce
      Map Operator Tree:
          TableScan
            alias: testvec
            Statistics: Num rows: 4 Data size: 471 Basic stats: COMPLETE Column stats: NONE
            Filter Operator
              predicate: (id = 5) (type: boolean)
              Statistics: Num rows: 2 Data size: 235 Basic stats: COMPLETE Column stats: NONE
              Select Operator
                expressions: dt (type: int), greg_dt (type: string)
                outputColumnNames: dt, greg_dt
                Statistics: Num rows: 2 Data size: 235 Basic stats: COMPLETE Column stats: NONE
                Group By Operator
                  aggregations: max(dt), max(greg_dt)
                  mode: hash
                  outputColumnNames: _col0, _col1
                  Statistics: Num rows: 1 Data size: 88 Basic stats: COMPLETE Column stats: NONE
                  Reduce Output Operator
                    sort order: 
                    Statistics: Num rows: 1 Data size: 88 Basic stats: COMPLETE Column stats: NONE
                    value expressions: _col0 (type: int), _col1 (type: string)
      Execution mode: vectorized
      Reduce Operator Tree:
        Group By Operator
          aggregations: max(VALUE._col0), max(VALUE._col1)
          mode: mergepartial
          outputColumnNames: _col0, _col1
          Statistics: Num rows: 1 Data size: 88 Basic stats: COMPLETE Column stats: NONE
          Select Operator
            expressions: _col0 (type: int), _col1 (type: string)
            outputColumnNames: _col0, _col1
            Statistics: Num rows: 1 Data size: 88 Basic stats: COMPLETE Column stats: NONE
            File Output Operator
              compressed: false
              Statistics: Num rows: 1 Data size: 88 Basic stats: COMPLETE Column stats: NONE
              table:
                  input format: org.apache.hadoop.mapred.TextInputFormat
                  output format: org.apache.hadoop.hive.ql.io.HiveIgnoreKeyTextOutputFormat
                  serde: org.apache.hadoop.hive.serde2.lazy.LazySimpleSerDe

  Stage: Stage-0
    Fetch Operator
      limit: -1

PREHOOK: query: select max(dt), max(greg_dt) from testvec where id=5
PREHOOK: type: QUERY
PREHOOK: Input: default@testvec
#### A masked pattern was here ####
POSTHOOK: query: select max(dt), max(greg_dt) from testvec where id=5
POSTHOOK: type: QUERY
POSTHOOK: Input: default@testvec
#### A masked pattern was here ####
20150313	2015-03-13
