PREHOOK: query: explain SELECT sum(cs1.cs_ext_discount_amt) as excess_discount_amount
FROM (SELECT cs.cs_item_sk as cs_item_sk,
                             cs.cs_ext_discount_amt as cs_ext_discount_amt
             FROM catalog_sales cs
             JOIN date_dim d ON (d.d_date_sk = cs.cs_sold_date_sk)
             WHERE d.d_date between '2000-01-27' and '2000-04-27') cs1
JOIN item i ON (i.i_item_sk = cs1.cs_item_sk)
JOIN (SELECT cs2.cs_item_sk as cs_item_sk,
                          1.3 * avg(cs_ext_discount_amt) as avg_cs_ext_discount_amt
           FROM (SELECT cs.cs_item_sk as cs_item_sk,
                                        cs.cs_ext_discount_amt as cs_ext_discount_amt
                        FROM catalog_sales cs
                        JOIN date_dim d ON (d.d_date_sk = cs.cs_sold_date_sk)
                        WHERE d.d_date between '2000-01-27' and '2000-04-27') cs2
                        GROUP BY cs2.cs_item_sk) tmp1
ON (i.i_item_sk = tmp1.cs_item_sk)
WHERE i.i_manufact_id = 436 and
               cs1.cs_ext_discount_amt > tmp1.avg_cs_ext_discount_amt
PREHOOK: type: QUERY
POSTHOOK: query: explain SELECT sum(cs1.cs_ext_discount_amt) as excess_discount_amount
FROM (SELECT cs.cs_item_sk as cs_item_sk,
                             cs.cs_ext_discount_amt as cs_ext_discount_amt
             FROM catalog_sales cs
             JOIN date_dim d ON (d.d_date_sk = cs.cs_sold_date_sk)
             WHERE d.d_date between '2000-01-27' and '2000-04-27') cs1
JOIN item i ON (i.i_item_sk = cs1.cs_item_sk)
JOIN (SELECT cs2.cs_item_sk as cs_item_sk,
                          1.3 * avg(cs_ext_discount_amt) as avg_cs_ext_discount_amt
           FROM (SELECT cs.cs_item_sk as cs_item_sk,
                                        cs.cs_ext_discount_amt as cs_ext_discount_amt
                        FROM catalog_sales cs
                        JOIN date_dim d ON (d.d_date_sk = cs.cs_sold_date_sk)
                        WHERE d.d_date between '2000-01-27' and '2000-04-27') cs2
                        GROUP BY cs2.cs_item_sk) tmp1
ON (i.i_item_sk = tmp1.cs_item_sk)
WHERE i.i_manufact_id = 436 and
               cs1.cs_ext_discount_amt > tmp1.avg_cs_ext_discount_amt
POSTHOOK: type: QUERY
STAGE DEPENDENCIES:
  Stage-1 is a root stage
  Stage-0 depends on stages: Stage-1

STAGE PLANS:
  Stage: Stage-1
    Spark
      Edges:
        Reducer 2 <- Map 1 (PARTITION-LEVEL SORT, 306), Map 5 (PARTITION-LEVEL SORT, 306)
        Reducer 3 <- Map 10 (PARTITION-LEVEL SORT, 506), Reducer 2 (PARTITION-LEVEL SORT, 506), Reducer 8 (PARTITION-LEVEL SORT, 506)
        Reducer 7 <- Map 1 (PARTITION-LEVEL SORT, 306), Map 5 (PARTITION-LEVEL SORT, 306)
        Reducer 4 <- Reducer 3 (GROUP, 1)
        Reducer 8 <- Reducer 7 (GROUP, 336)
#### A masked pattern was here ####
      Vertices:
        Map 1 
            Map Operator Tree:
                TableScan
                  alias: cs
                  Statistics: Num rows: 287989836 Data size: 38999608952 Basic stats: COMPLETE Column stats: NONE
                  Filter Operator
                    predicate: (cs_sold_date_sk is not null and cs_item_sk is not null) (type: boolean)
                    Statistics: Num rows: 287989836 Data size: 38999608952 Basic stats: COMPLETE Column stats: NONE
                    Reduce Output Operator
                      key expressions: cs_sold_date_sk (type: int)
                      sort order: +
                      Map-reduce partition columns: cs_sold_date_sk (type: int)
                      Statistics: Num rows: 287989836 Data size: 38999608952 Basic stats: COMPLETE Column stats: NONE
                      value expressions: cs_item_sk (type: int), cs_ext_discount_amt (type: decimal(7,2))
        Map 10 
            Map Operator Tree:
                TableScan
                  alias: i
                  Statistics: Num rows: 462000 Data size: 663560457 Basic stats: COMPLETE Column stats: NONE
                  Filter Operator
                    predicate: (i_item_sk is not null and (i_manufact_id = 436)) (type: boolean)
                    Statistics: Num rows: 231000 Data size: 331780228 Basic stats: COMPLETE Column stats: NONE
                    Reduce Output Operator
                      key expressions: i_item_sk (type: int)
                      sort order: +
                      Map-reduce partition columns: i_item_sk (type: int)
                      Statistics: Num rows: 231000 Data size: 331780228 Basic stats: COMPLETE Column stats: NONE
        Map 5 
            Map Operator Tree:
                TableScan
                  alias: d
                  Statistics: Num rows: 73049 Data size: 81741831 Basic stats: COMPLETE Column stats: NONE
                  Filter Operator
                    predicate: (d_date_sk is not null and d_date BETWEEN '2000-01-27' AND '2000-04-27') (type: boolean)
                    Statistics: Num rows: 36524 Data size: 40870356 Basic stats: COMPLETE Column stats: NONE
                    Reduce Output Operator
                      key expressions: d_date_sk (type: int)
                      sort order: +
                      Map-reduce partition columns: d_date_sk (type: int)
                      Statistics: Num rows: 36524 Data size: 40870356 Basic stats: COMPLETE Column stats: NONE
        Reducer 2 
            Reduce Operator Tree:
              Join Operator
                condition map:
                     Inner Join 0 to 1
                keys:
                  0 cs_sold_date_sk (type: int)
                  1 d_date_sk (type: int)
                outputColumnNames: _col15, _col22
                Statistics: Num rows: 316788826 Data size: 42899570777 Basic stats: COMPLETE Column stats: NONE
                Select Operator
                  expressions: _col15 (type: int), _col22 (type: decimal(7,2))
                  outputColumnNames: _col0, _col1
                  Statistics: Num rows: 316788826 Data size: 42899570777 Basic stats: COMPLETE Column stats: NONE
                  Reduce Output Operator
                    key expressions: _col0 (type: int)
                    sort order: +
                    Map-reduce partition columns: _col0 (type: int)
                    Statistics: Num rows: 316788826 Data size: 42899570777 Basic stats: COMPLETE Column stats: NONE
                    value expressions: _col1 (type: decimal(7,2))
        Reducer 3 
            Reduce Operator Tree:
              Join Operator
                condition map:
                     Inner Join 0 to 1
                     Inner Join 1 to 2
                keys:
                  0 _col0 (type: int)
                  1 i_item_sk (type: int)
                  2 _col0 (type: int)
                outputColumnNames: _col1, _col28
                Statistics: Num rows: 696935432 Data size: 94379057755 Basic stats: COMPLETE Column stats: NONE
                Filter Operator
                  predicate: (_col1 > _col28) (type: boolean)
                  Statistics: Num rows: 232311810 Data size: 31459685828 Basic stats: COMPLETE Column stats: NONE
                  Select Operator
                    expressions: _col1 (type: decimal(7,2))
                    outputColumnNames: _col1
                    Statistics: Num rows: 232311810 Data size: 31459685828 Basic stats: COMPLETE Column stats: NONE
                    Group By Operator
                      aggregations: sum(_col1)
                      mode: hash
                      outputColumnNames: _col0
                      Statistics: Num rows: 1 Data size: 112 Basic stats: COMPLETE Column stats: NONE
                      Reduce Output Operator
                        sort order: 
                        Statistics: Num rows: 1 Data size: 112 Basic stats: COMPLETE Column stats: NONE
                        value expressions: _col0 (type: decimal(17,2))
        Reducer 4 
            Reduce Operator Tree:
              Group By Operator
                aggregations: sum(VALUE._col0)
                mode: mergepartial
                outputColumnNames: _col0
                Statistics: Num rows: 1 Data size: 112 Basic stats: COMPLETE Column stats: NONE
                File Output Operator
                  compressed: false
                  Statistics: Num rows: 1 Data size: 112 Basic stats: COMPLETE Column stats: NONE
                  table:
                      input format: org.apache.hadoop.mapred.SequenceFileInputFormat
                      output format: org.apache.hadoop.hive.ql.io.HiveSequenceFileOutputFormat
                      serde: org.apache.hadoop.hive.serde2.lazy.LazySimpleSerDe
        Reducer 7 
            Reduce Operator Tree:
              Join Operator
                condition map:
                     Inner Join 0 to 1
                keys:
                  0 cs_sold_date_sk (type: int)
                  1 d_date_sk (type: int)
                outputColumnNames: _col15, _col22
                Statistics: Num rows: 316788826 Data size: 42899570777 Basic stats: COMPLETE Column stats: NONE
                Select Operator
                  expressions: _col15 (type: int), _col22 (type: decimal(7,2))
                  outputColumnNames: _col0, _col1
                  Statistics: Num rows: 316788826 Data size: 42899570777 Basic stats: COMPLETE Column stats: NONE
                  Group By Operator
                    aggregations: avg(_col1)
                    keys: _col0 (type: int)
                    mode: hash
                    outputColumnNames: _col0, _col1
                    Statistics: Num rows: 316788826 Data size: 42899570777 Basic stats: COMPLETE Column stats: NONE
                    Reduce Output Operator
                      key expressions: _col0 (type: int)
                      sort order: +
                      Map-reduce partition columns: _col0 (type: int)
                      Statistics: Num rows: 316788826 Data size: 42899570777 Basic stats: COMPLETE Column stats: NONE
                      value expressions: _col1 (type: struct<count:bigint,sum:decimal(17,2),input:decimal(7,2)>)
        Reducer 8 
            Reduce Operator Tree:
              Group By Operator
                aggregations: avg(VALUE._col0)
                keys: KEY._col0 (type: int)
                mode: mergepartial
                outputColumnNames: _col0, _col1
                Statistics: Num rows: 158394413 Data size: 21449785388 Basic stats: COMPLETE Column stats: NONE
                Select Operator
                  expressions: _col0 (type: int), (1.3 * _col1) (type: double)
                  outputColumnNames: _col0, _col1
                  Statistics: Num rows: 158394413 Data size: 21449785388 Basic stats: COMPLETE Column stats: NONE
                  Reduce Output Operator
                    key expressions: _col0 (type: int)
                    sort order: +
                    Map-reduce partition columns: _col0 (type: int)
                    Statistics: Num rows: 158394413 Data size: 21449785388 Basic stats: COMPLETE Column stats: NONE
                    value expressions: _col1 (type: double)

  Stage: Stage-0
    Fetch Operator
      limit: -1
      Processor Tree:
        ListSink

