PREHOOK: query: explain select  ss_items.item_id
       ,ss_item_rev
       ,ss_item_rev/(ss_item_rev+cs_item_rev+ws_item_rev)/3 * 100 ss_dev
       ,cs_item_rev
       ,cs_item_rev/(ss_item_rev+cs_item_rev+ws_item_rev)/3 * 100 cs_dev
       ,ws_item_rev
       ,ws_item_rev/(ss_item_rev+cs_item_rev+ws_item_rev)/3 * 100 ws_dev
       ,(ss_item_rev+cs_item_rev+ws_item_rev)/3 average
FROM
( select i_item_id item_id ,sum(ss_ext_sales_price) as ss_item_rev 
 from store_sales
     JOIN item ON store_sales.ss_item_sk = item.i_item_sk
     JOIN date_dim ON store_sales.ss_sold_date_sk = date_dim.d_date_sk
     JOIN (select d1.d_date
                 from date_dim d1 JOIN date_dim d2 ON d1.d_week_seq = d2.d_week_seq
                 where d2.d_date = '1998-08-04') sub ON date_dim.d_date = sub.d_date
 group by i_item_id ) ss_items
JOIN
( select i_item_id item_id ,sum(cs_ext_sales_price) as cs_item_rev 
 from catalog_sales
     JOIN item ON catalog_sales.cs_item_sk = item.i_item_sk
     JOIN date_dim ON catalog_sales.cs_sold_date_sk = date_dim.d_date_sk
     JOIN (select d1.d_date
                 from date_dim d1 JOIN date_dim d2 ON d1.d_week_seq = d2.d_week_seq
                 where d2.d_date = '1998-08-04') sub ON date_dim.d_date = sub.d_date
 group by i_item_id ) cs_items
ON ss_items.item_id=cs_items.item_id
JOIN
( select i_item_id item_id ,sum(ws_ext_sales_price) as ws_item_rev 
 from web_sales
     JOIN item ON web_sales.ws_item_sk = item.i_item_sk
     JOIN date_dim ON web_sales.ws_sold_date_sk = date_dim.d_date_sk
     JOIN (select d1.d_date
                 from date_dim d1 JOIN date_dim d2 ON d1.d_week_seq = d2.d_week_seq
                 where d2.d_date = '1998-08-04') sub ON date_dim.d_date = sub.d_date
 group by i_item_id ) ws_items
ON ss_items.item_id=ws_items.item_id 
 where
       ss_item_rev between 0.9 * cs_item_rev and 1.1 * cs_item_rev
   and ss_item_rev between 0.9 * ws_item_rev and 1.1 * ws_item_rev
   and cs_item_rev between 0.9 * ss_item_rev and 1.1 * ss_item_rev
   and cs_item_rev between 0.9 * ws_item_rev and 1.1 * ws_item_rev
   and ws_item_rev between 0.9 * ss_item_rev and 1.1 * ss_item_rev
   and ws_item_rev between 0.9 * cs_item_rev and 1.1 * cs_item_rev
 order by item_id ,ss_item_rev
 limit 100
PREHOOK: type: QUERY
POSTHOOK: query: explain select  ss_items.item_id
       ,ss_item_rev
       ,ss_item_rev/(ss_item_rev+cs_item_rev+ws_item_rev)/3 * 100 ss_dev
       ,cs_item_rev
       ,cs_item_rev/(ss_item_rev+cs_item_rev+ws_item_rev)/3 * 100 cs_dev
       ,ws_item_rev
       ,ws_item_rev/(ss_item_rev+cs_item_rev+ws_item_rev)/3 * 100 ws_dev
       ,(ss_item_rev+cs_item_rev+ws_item_rev)/3 average
FROM
( select i_item_id item_id ,sum(ss_ext_sales_price) as ss_item_rev 
 from store_sales
     JOIN item ON store_sales.ss_item_sk = item.i_item_sk
     JOIN date_dim ON store_sales.ss_sold_date_sk = date_dim.d_date_sk
     JOIN (select d1.d_date
                 from date_dim d1 JOIN date_dim d2 ON d1.d_week_seq = d2.d_week_seq
                 where d2.d_date = '1998-08-04') sub ON date_dim.d_date = sub.d_date
 group by i_item_id ) ss_items
JOIN
( select i_item_id item_id ,sum(cs_ext_sales_price) as cs_item_rev 
 from catalog_sales
     JOIN item ON catalog_sales.cs_item_sk = item.i_item_sk
     JOIN date_dim ON catalog_sales.cs_sold_date_sk = date_dim.d_date_sk
     JOIN (select d1.d_date
                 from date_dim d1 JOIN date_dim d2 ON d1.d_week_seq = d2.d_week_seq
                 where d2.d_date = '1998-08-04') sub ON date_dim.d_date = sub.d_date
 group by i_item_id ) cs_items
ON ss_items.item_id=cs_items.item_id
JOIN
( select i_item_id item_id ,sum(ws_ext_sales_price) as ws_item_rev 
 from web_sales
     JOIN item ON web_sales.ws_item_sk = item.i_item_sk
     JOIN date_dim ON web_sales.ws_sold_date_sk = date_dim.d_date_sk
     JOIN (select d1.d_date
                 from date_dim d1 JOIN date_dim d2 ON d1.d_week_seq = d2.d_week_seq
                 where d2.d_date = '1998-08-04') sub ON date_dim.d_date = sub.d_date
 group by i_item_id ) ws_items
ON ss_items.item_id=ws_items.item_id 
 where
       ss_item_rev between 0.9 * cs_item_rev and 1.1 * cs_item_rev
   and ss_item_rev between 0.9 * ws_item_rev and 1.1 * ws_item_rev
   and cs_item_rev between 0.9 * ss_item_rev and 1.1 * ss_item_rev
   and cs_item_rev between 0.9 * ws_item_rev and 1.1 * ws_item_rev
   and ws_item_rev between 0.9 * ss_item_rev and 1.1 * ss_item_rev
   and ws_item_rev between 0.9 * cs_item_rev and 1.1 * cs_item_rev
 order by item_id ,ss_item_rev
 limit 100
POSTHOOK: type: QUERY
STAGE DEPENDENCIES:
  Stage-1 is a root stage
  Stage-0 depends on stages: Stage-1

STAGE PLANS:
  Stage: Stage-1
    Spark
      Edges:
        Reducer 10 <- Map 12 (PARTITION-LEVEL SORT, 438), Reducer 9 (PARTITION-LEVEL SORT, 438)
        Reducer 14 <- Map 1 (PARTITION-LEVEL SORT, 1), Map 17 (PARTITION-LEVEL SORT, 1)
        Reducer 19 <- Map 11 (PARTITION-LEVEL SORT, 310), Map 18 (PARTITION-LEVEL SORT, 310)
        Reducer 20 <- Map 12 (PARTITION-LEVEL SORT, 336), Reducer 19 (PARTITION-LEVEL SORT, 336)
        Reducer 29 <- Map 11 (PARTITION-LEVEL SORT, 159), Map 28 (PARTITION-LEVEL SORT, 159)
        Reducer 30 <- Map 12 (PARTITION-LEVEL SORT, 169), Reducer 29 (PARTITION-LEVEL SORT, 169)
        Reducer 9 <- Map 11 (PARTITION-LEVEL SORT, 403), Map 8 (PARTITION-LEVEL SORT, 403)
        Reducer 15 <- Reducer 14 (PARTITION-LEVEL SORT, 370), Reducer 20 (PARTITION-LEVEL SORT, 370)
        Reducer 25 <- Reducer 14 (PARTITION-LEVEL SORT, 186), Reducer 30 (PARTITION-LEVEL SORT, 186)
        Reducer 3 <- Reducer 10 (PARTITION-LEVEL SORT, 482), Reducer 14 (PARTITION-LEVEL SORT, 482)
        Reducer 16 <- Reducer 15 (GROUP, 406)
        Reducer 26 <- Reducer 25 (GROUP, 204)
        Reducer 4 <- Reducer 3 (GROUP, 529)
        Reducer 5 <- Reducer 16 (PARTITION-LEVEL SORT, 569), Reducer 26 (PARTITION-LEVEL SORT, 569), Reducer 4 (PARTITION-LEVEL SORT, 569)
        Reducer 6 <- Reducer 5 (SORT, 1)
#### A masked pattern was here ####
      Vertices:
        Map 1 
            Map Operator Tree:
                TableScan
                  alias: d1
                  Statistics: Num rows: 73049 Data size: 81741831 Basic stats: COMPLETE Column stats: NONE
                  Filter Operator
                    predicate: (d_week_seq is not null and d_date is not null) (type: boolean)
                    Statistics: Num rows: 73049 Data size: 81741831 Basic stats: COMPLETE Column stats: NONE
                    Reduce Output Operator
                      key expressions: d_week_seq (type: int)
                      sort order: +
                      Map-reduce partition columns: d_week_seq (type: int)
                      Statistics: Num rows: 73049 Data size: 81741831 Basic stats: COMPLETE Column stats: NONE
                      value expressions: d_date (type: string)
        Map 11 
            Map Operator Tree:
                TableScan
                  alias: item
                  Statistics: Num rows: 462000 Data size: 663560457 Basic stats: COMPLETE Column stats: NONE
                  Filter Operator
                    predicate: (i_item_sk is not null and i_item_id is not null) (type: boolean)
                    Statistics: Num rows: 462000 Data size: 663560457 Basic stats: COMPLETE Column stats: NONE
                    Reduce Output Operator
                      key expressions: i_item_sk (type: int)
                      sort order: +
                      Map-reduce partition columns: i_item_sk (type: int)
                      Statistics: Num rows: 462000 Data size: 663560457 Basic stats: COMPLETE Column stats: NONE
                      value expressions: i_item_id (type: string)
        Map 12 
            Map Operator Tree:
                TableScan
                  alias: date_dim
                  Statistics: Num rows: 73049 Data size: 81741831 Basic stats: COMPLETE Column stats: NONE
                  Filter Operator
                    predicate: (d_date_sk is not null and d_date is not null) (type: boolean)
                    Statistics: Num rows: 73049 Data size: 81741831 Basic stats: COMPLETE Column stats: NONE
                    Reduce Output Operator
                      key expressions: d_date_sk (type: int)
                      sort order: +
                      Map-reduce partition columns: d_date_sk (type: int)
                      Statistics: Num rows: 73049 Data size: 81741831 Basic stats: COMPLETE Column stats: NONE
                      value expressions: d_date (type: string)
        Map 17 
            Map Operator Tree:
                TableScan
                  alias: d2
                  Statistics: Num rows: 73049 Data size: 81741831 Basic stats: COMPLETE Column stats: NONE
                  Filter Operator
                    predicate: (d_week_seq is not null and (d_date = '1998-08-04')) (type: boolean)
                    Statistics: Num rows: 36524 Data size: 40870356 Basic stats: COMPLETE Column stats: NONE
                    Reduce Output Operator
                      key expressions: d_week_seq (type: int)
                      sort order: +
                      Map-reduce partition columns: d_week_seq (type: int)
                      Statistics: Num rows: 36524 Data size: 40870356 Basic stats: COMPLETE Column stats: NONE
        Map 18 
            Map Operator Tree:
                TableScan
                  alias: catalog_sales
                  Statistics: Num rows: 287989836 Data size: 38999608952 Basic stats: COMPLETE Column stats: NONE
                  Filter Operator
                    predicate: (cs_item_sk is not null and cs_sold_date_sk is not null) (type: boolean)
                    Statistics: Num rows: 287989836 Data size: 38999608952 Basic stats: COMPLETE Column stats: NONE
                    Reduce Output Operator
                      key expressions: cs_item_sk (type: int)
                      sort order: +
                      Map-reduce partition columns: cs_item_sk (type: int)
                      Statistics: Num rows: 287989836 Data size: 38999608952 Basic stats: COMPLETE Column stats: NONE
                      value expressions: cs_sold_date_sk (type: int), cs_ext_sales_price (type: decimal(7,2))
        Map 28 
            Map Operator Tree:
                TableScan
                  alias: web_sales
                  Statistics: Num rows: 144002668 Data size: 19580198212 Basic stats: COMPLETE Column stats: NONE
                  Filter Operator
                    predicate: (ws_item_sk is not null and ws_sold_date_sk is not null) (type: boolean)
                    Statistics: Num rows: 144002668 Data size: 19580198212 Basic stats: COMPLETE Column stats: NONE
                    Reduce Output Operator
                      key expressions: ws_item_sk (type: int)
                      sort order: +
                      Map-reduce partition columns: ws_item_sk (type: int)
                      Statistics: Num rows: 144002668 Data size: 19580198212 Basic stats: COMPLETE Column stats: NONE
                      value expressions: ws_sold_date_sk (type: int), ws_ext_sales_price (type: decimal(7,2))
        Map 8 
            Map Operator Tree:
                TableScan
                  alias: store_sales
                  Statistics: Num rows: 575995635 Data size: 50814502088 Basic stats: COMPLETE Column stats: NONE
                  Filter Operator
                    predicate: (ss_item_sk is not null and ss_sold_date_sk is not null) (type: boolean)
                    Statistics: Num rows: 575995635 Data size: 50814502088 Basic stats: COMPLETE Column stats: NONE
                    Reduce Output Operator
                      key expressions: ss_item_sk (type: int)
                      sort order: +
                      Map-reduce partition columns: ss_item_sk (type: int)
                      Statistics: Num rows: 575995635 Data size: 50814502088 Basic stats: COMPLETE Column stats: NONE
                      value expressions: ss_sold_date_sk (type: int), ss_ext_sales_price (type: decimal(7,2))
        Reducer 10 
            Reduce Operator Tree:
              Join Operator
                condition map:
                     Inner Join 0 to 1
                keys:
                  0 _col0 (type: int)
                  1 d_date_sk (type: int)
                outputColumnNames: _col15, _col27, _col53
                Statistics: Num rows: 696954748 Data size: 61485550191 Basic stats: COMPLETE Column stats: NONE
                Reduce Output Operator
                  key expressions: _col53 (type: string)
                  sort order: +
                  Map-reduce partition columns: _col53 (type: string)
                  Statistics: Num rows: 696954748 Data size: 61485550191 Basic stats: COMPLETE Column stats: NONE
                  value expressions: _col15 (type: decimal(7,2)), _col27 (type: string)
        Reducer 14 
            Reduce Operator Tree:
              Join Operator
                condition map:
                     Inner Join 0 to 1
                keys:
                  0 d_week_seq (type: int)
                  1 d_week_seq (type: int)
                outputColumnNames: _col2
                Statistics: Num rows: 80353 Data size: 89916016 Basic stats: COMPLETE Column stats: NONE
                Select Operator
                  expressions: _col2 (type: string)
                  outputColumnNames: _col0
                  Statistics: Num rows: 80353 Data size: 89916016 Basic stats: COMPLETE Column stats: NONE
                  Reduce Output Operator
                    key expressions: _col0 (type: string)
                    sort order: +
                    Map-reduce partition columns: _col0 (type: string)
                    Statistics: Num rows: 80353 Data size: 89916016 Basic stats: COMPLETE Column stats: NONE
        Reducer 15 
            Reduce Operator Tree:
              Join Operator
                condition map:
                     Inner Join 0 to 1
                keys:
                  0 _col64 (type: string)
                  1 _col0 (type: string)
                outputColumnNames: _col23, _col38
                Statistics: Num rows: 383314495 Data size: 51908482889 Basic stats: COMPLETE Column stats: NONE
                Group By Operator
                  aggregations: sum(_col23)
                  keys: _col38 (type: string)
                  mode: hash
                  outputColumnNames: _col0, _col1
                  Statistics: Num rows: 383314495 Data size: 51908482889 Basic stats: COMPLETE Column stats: NONE
                  Reduce Output Operator
                    key expressions: _col0 (type: string)
                    sort order: +
                    Map-reduce partition columns: _col0 (type: string)
                    Statistics: Num rows: 383314495 Data size: 51908482889 Basic stats: COMPLETE Column stats: NONE
                    value expressions: _col1 (type: decimal(17,2))
        Reducer 16 
            Reduce Operator Tree:
              Group By Operator
                aggregations: sum(VALUE._col0)
                keys: KEY._col0 (type: string)
                mode: mergepartial
                outputColumnNames: _col0, _col1
                Statistics: Num rows: 191657247 Data size: 25954241376 Basic stats: COMPLETE Column stats: NONE
                Reduce Output Operator
                  key expressions: _col0 (type: string)
                  sort order: +
                  Map-reduce partition columns: _col0 (type: string)
                  Statistics: Num rows: 191657247 Data size: 25954241376 Basic stats: COMPLETE Column stats: NONE
                  value expressions: _col1 (type: decimal(17,2))
        Reducer 19 
            Reduce Operator Tree:
              Join Operator
                condition map:
                     Inner Join 0 to 1
                keys:
                  0 cs_item_sk (type: int)
                  1 i_item_sk (type: int)
                outputColumnNames: _col0, _col23, _col38
                Statistics: Num rows: 316788826 Data size: 42899570777 Basic stats: COMPLETE Column stats: NONE
                Reduce Output Operator
                  key expressions: _col0 (type: int)
                  sort order: +
                  Map-reduce partition columns: _col0 (type: int)
                  Statistics: Num rows: 316788826 Data size: 42899570777 Basic stats: COMPLETE Column stats: NONE
                  value expressions: _col23 (type: decimal(7,2)), _col38 (type: string)
        Reducer 20 
            Reduce Operator Tree:
              Join Operator
                condition map:
                     Inner Join 0 to 1
                keys:
                  0 _col0 (type: int)
                  1 d_date_sk (type: int)
                outputColumnNames: _col23, _col38, _col64
                Statistics: Num rows: 348467716 Data size: 47189528877 Basic stats: COMPLETE Column stats: NONE
                Reduce Output Operator
                  key expressions: _col64 (type: string)
                  sort order: +
                  Map-reduce partition columns: _col64 (type: string)
                  Statistics: Num rows: 348467716 Data size: 47189528877 Basic stats: COMPLETE Column stats: NONE
                  value expressions: _col23 (type: decimal(7,2)), _col38 (type: string)
        Reducer 25 
            Reduce Operator Tree:
              Join Operator
                condition map:
                     Inner Join 0 to 1
                keys:
                  0 _col64 (type: string)
                  1 _col0 (type: string)
                outputColumnNames: _col23, _col38
                Statistics: Num rows: 191667562 Data size: 26061245514 Basic stats: COMPLETE Column stats: NONE
                Group By Operator
                  aggregations: sum(_col23)
                  keys: _col38 (type: string)
                  mode: hash
                  outputColumnNames: _col0, _col1
                  Statistics: Num rows: 191667562 Data size: 26061245514 Basic stats: COMPLETE Column stats: NONE
                  Reduce Output Operator
                    key expressions: _col0 (type: string)
                    sort order: +
                    Map-reduce partition columns: _col0 (type: string)
                    Statistics: Num rows: 191667562 Data size: 26061245514 Basic stats: COMPLETE Column stats: NONE
                    value expressions: _col1 (type: decimal(17,2))
        Reducer 26 
            Reduce Operator Tree:
              Group By Operator
                aggregations: sum(VALUE._col0)
                keys: KEY._col0 (type: string)
                mode: mergepartial
                outputColumnNames: _col0, _col1
                Statistics: Num rows: 95833781 Data size: 13030622757 Basic stats: COMPLETE Column stats: NONE
                Reduce Output Operator
                  key expressions: _col0 (type: string)
                  sort order: +
                  Map-reduce partition columns: _col0 (type: string)
                  Statistics: Num rows: 95833781 Data size: 13030622757 Basic stats: COMPLETE Column stats: NONE
                  value expressions: _col1 (type: decimal(17,2))
        Reducer 29 
            Reduce Operator Tree:
              Join Operator
                condition map:
                     Inner Join 0 to 1
                keys:
                  0 ws_item_sk (type: int)
                  1 i_item_sk (type: int)
                outputColumnNames: _col0, _col23, _col38
                Statistics: Num rows: 158402938 Data size: 21538218500 Basic stats: COMPLETE Column stats: NONE
                Reduce Output Operator
                  key expressions: _col0 (type: int)
                  sort order: +
                  Map-reduce partition columns: _col0 (type: int)
                  Statistics: Num rows: 158402938 Data size: 21538218500 Basic stats: COMPLETE Column stats: NONE
                  value expressions: _col23 (type: decimal(7,2)), _col38 (type: string)
        Reducer 3 
            Reduce Operator Tree:
              Join Operator
                condition map:
                     Inner Join 0 to 1
                keys:
                  0 _col53 (type: string)
                  1 _col0 (type: string)
                outputColumnNames: _col15, _col27
                Statistics: Num rows: 766650239 Data size: 67634106676 Basic stats: COMPLETE Column stats: NONE
                Group By Operator
                  aggregations: sum(_col15)
                  keys: _col27 (type: string)
                  mode: hash
                  outputColumnNames: _col0, _col1
                  Statistics: Num rows: 766650239 Data size: 67634106676 Basic stats: COMPLETE Column stats: NONE
                  Reduce Output Operator
                    key expressions: _col0 (type: string)
                    sort order: +
                    Map-reduce partition columns: _col0 (type: string)
                    Statistics: Num rows: 766650239 Data size: 67634106676 Basic stats: COMPLETE Column stats: NONE
                    value expressions: _col1 (type: decimal(17,2))
        Reducer 30 
            Reduce Operator Tree:
              Join Operator
                condition map:
                     Inner Join 0 to 1
                keys:
                  0 _col0 (type: int)
                  1 d_date_sk (type: int)
                outputColumnNames: _col23, _col38, _col64
                Statistics: Num rows: 174243235 Data size: 23692040863 Basic stats: COMPLETE Column stats: NONE
                Reduce Output Operator
                  key expressions: _col64 (type: string)
                  sort order: +
                  Map-reduce partition columns: _col64 (type: string)
                  Statistics: Num rows: 174243235 Data size: 23692040863 Basic stats: COMPLETE Column stats: NONE
                  value expressions: _col23 (type: decimal(7,2)), _col38 (type: string)
        Reducer 4 
            Reduce Operator Tree:
              Group By Operator
                aggregations: sum(VALUE._col0)
                keys: KEY._col0 (type: string)
                mode: mergepartial
                outputColumnNames: _col0, _col1
                Statistics: Num rows: 383325119 Data size: 33817053293 Basic stats: COMPLETE Column stats: NONE
                Reduce Output Operator
                  key expressions: _col0 (type: string)
                  sort order: +
                  Map-reduce partition columns: _col0 (type: string)
                  Statistics: Num rows: 383325119 Data size: 33817053293 Basic stats: COMPLETE Column stats: NONE
                  value expressions: _col1 (type: decimal(17,2))
        Reducer 5 
            Reduce Operator Tree:
              Join Operator
                condition map:
                     Inner Join 0 to 1
                     Inner Join 0 to 2
                keys:
                  0 _col0 (type: string)
                  1 _col0 (type: string)
                  2 _col0 (type: string)
                outputColumnNames: _col0, _col1, _col3, _col5
                Statistics: Num rows: 843315280 Data size: 74397518857 Basic stats: COMPLETE Column stats: NONE
                Filter Operator
                  predicate: (_col3 BETWEEN (0.9 * _col1) AND (1.1 * _col1) and _col3 BETWEEN (0.9 * _col5) AND (1.1 * _col5) and _col1 BETWEEN (0.9 * _col3) AND (1.1 * _col3) and _col1 BETWEEN (0.9 * _col5) AND (1.1 * _col5) and _col5 BETWEEN (0.9 * _col1) AND (1.1 * _col1) and _col5 BETWEEN (0.9 * _col3) AND (1.1 * _col3)) (type: boolean)
                  Statistics: Num rows: 13176801 Data size: 1162461210 Basic stats: COMPLETE Column stats: NONE
                  Select Operator
                    expressions: _col0 (type: string), _col1 (type: decimal(17,2)), (((_col1 / ((_col1 + _col3) + _col5)) / 3) * 100) (type: decimal(38,21)), _col3 (type: decimal(17,2)), (((_col3 / ((_col1 + _col3) + _col5)) / 3) * 100) (type: decimal(38,21)), _col5 (type: decimal(17,2)), (((_col5 / ((_col1 + _col3) + _col5)) / 3) * 100) (type: decimal(38,21)), (((_col1 + _col3) + _col5) / 3) (type: decimal(23,6))
                    outputColumnNames: _col0, _col1, _col2, _col3, _col4, _col5, _col6, _col7
                    Statistics: Num rows: 13176801 Data size: 1162461210 Basic stats: COMPLETE Column stats: NONE
                    Reduce Output Operator
                      key expressions: _col0 (type: string), _col1 (type: decimal(17,2))
                      sort order: ++
                      Statistics: Num rows: 13176801 Data size: 1162461210 Basic stats: COMPLETE Column stats: NONE
                      TopN Hash Memory Usage: 0.1
                      value expressions: _col2 (type: decimal(38,21)), _col3 (type: decimal(17,2)), _col4 (type: decimal(38,21)), _col5 (type: decimal(17,2)), _col6 (type: decimal(38,21)), _col7 (type: decimal(23,6))
        Reducer 6 
            Reduce Operator Tree:
              Select Operator
                expressions: KEY.reducesinkkey0 (type: string), KEY.reducesinkkey1 (type: decimal(17,2)), VALUE._col0 (type: decimal(38,21)), VALUE._col1 (type: decimal(17,2)), VALUE._col2 (type: decimal(38,21)), VALUE._col3 (type: decimal(17,2)), VALUE._col4 (type: decimal(38,21)), VALUE._col5 (type: decimal(23,6))
                outputColumnNames: _col0, _col1, _col2, _col3, _col4, _col5, _col6, _col7
                Statistics: Num rows: 13176801 Data size: 1162461210 Basic stats: COMPLETE Column stats: NONE
                Limit
                  Number of rows: 100
                  Statistics: Num rows: 100 Data size: 8800 Basic stats: COMPLETE Column stats: NONE
                  File Output Operator
                    compressed: false
                    Statistics: Num rows: 100 Data size: 8800 Basic stats: COMPLETE Column stats: NONE
                    table:
                        input format: org.apache.hadoop.mapred.SequenceFileInputFormat
                        output format: org.apache.hadoop.hive.ql.io.HiveSequenceFileOutputFormat
                        serde: org.apache.hadoop.hive.serde2.lazy.LazySimpleSerDe
        Reducer 9 
            Reduce Operator Tree:
              Join Operator
                condition map:
                     Inner Join 0 to 1
                keys:
                  0 ss_item_sk (type: int)
                  1 i_item_sk (type: int)
                outputColumnNames: _col0, _col15, _col27
                Statistics: Num rows: 633595212 Data size: 55895953508 Basic stats: COMPLETE Column stats: NONE
                Reduce Output Operator
                  key expressions: _col0 (type: int)
                  sort order: +
                  Map-reduce partition columns: _col0 (type: int)
                  Statistics: Num rows: 633595212 Data size: 55895953508 Basic stats: COMPLETE Column stats: NONE
                  value expressions: _col15 (type: decimal(7,2)), _col27 (type: string)

  Stage: Stage-0
    Fetch Operator
      limit: 100
      Processor Tree:
        ListSink

