PREHOOK: query: explain select i_item_id ,i_item_desc ,i_current_price from item, inventory, date_dim, store_sales where i_current_price between 30 and 30+30 and inv_item_sk = i_item_sk and d_date_sk=inv_date_sk and d_date between '2002-05-30' and '2002-07-30' and i_manufact_id in (437,129,727,663) and inv_quantity_on_hand between 100 and 500 and ss_item_sk = i_item_sk group by i_item_id,i_item_desc,i_current_price order by i_item_id limit 100
PREHOOK: type: QUERY
POSTHOOK: query: explain select i_item_id ,i_item_desc ,i_current_price from item, inventory, date_dim, store_sales where i_current_price between 30 and 30+30 and inv_item_sk = i_item_sk and d_date_sk=inv_date_sk and d_date between '2002-05-30' and '2002-07-30' and i_manufact_id in (437,129,727,663) and inv_quantity_on_hand between 100 and 500 and ss_item_sk = i_item_sk group by i_item_id,i_item_desc,i_current_price order by i_item_id limit 100
POSTHOOK: type: QUERY
STAGE DEPENDENCIES:
  Stage-1 is a root stage
  Stage-0 depends on stages: Stage-1

STAGE PLANS:
  Stage: Stage-1
    Spark
      Edges:
        Reducer 7 <- Map 6 (PARTITION-LEVEL SORT, 3), Map 8 (PARTITION-LEVEL SORT, 3)
        Reducer 2 <- Map 1 (PARTITION-LEVEL SORT, 401), Map 5 (PARTITION-LEVEL SORT, 401), Reducer 7 (PARTITION-LEVEL SORT, 401)
        Reducer 3 <- Reducer 2 (GROUP, 874)
        Reducer 4 <- Reducer 3 (SORT, 1)
#### A masked pattern was here ####
      Vertices:
        Map 1 
            Map Operator Tree:
                TableScan
                  alias: store_sales
                  Statistics: Num rows: 575995635 Data size: 50814502088 Basic stats: COMPLETE Column stats: NONE
                  Filter Operator
                    predicate: ss_item_sk is not null (type: boolean)
                    Statistics: Num rows: 575995635 Data size: 50814502088 Basic stats: COMPLETE Column stats: NONE
                    Select Operator
                      expressions: ss_item_sk (type: int)
                      outputColumnNames: _col0
                      Statistics: Num rows: 575995635 Data size: 50814502088 Basic stats: COMPLETE Column stats: NONE
                      Reduce Output Operator
                        key expressions: _col0 (type: int)
                        sort order: +
                        Map-reduce partition columns: _col0 (type: int)
                        Statistics: Num rows: 575995635 Data size: 50814502088 Basic stats: COMPLETE Column stats: NONE
        Map 5 
            Map Operator Tree:
                TableScan
                  alias: item
                  Statistics: Num rows: 462000 Data size: 663560457 Basic stats: COMPLETE Column stats: NONE
                  Filter Operator
                    predicate: ((i_manufact_id) IN (437, 129, 727, 663) and i_current_price BETWEEN 30 AND 60 and i_item_sk is not null) (type: boolean)
                    Statistics: Num rows: 115500 Data size: 165890114 Basic stats: COMPLETE Column stats: NONE
                    Select Operator
                      expressions: i_item_sk (type: int), i_item_id (type: string), i_item_desc (type: string), i_current_price (type: decimal(7,2))
                      outputColumnNames: _col0, _col1, _col2, _col3
                      Statistics: Num rows: 115500 Data size: 165890114 Basic stats: COMPLETE Column stats: NONE
                      Reduce Output Operator
                        key expressions: _col0 (type: int)
                        sort order: +
                        Map-reduce partition columns: _col0 (type: int)
                        Statistics: Num rows: 115500 Data size: 165890114 Basic stats: COMPLETE Column stats: NONE
                        value expressions: _col1 (type: string), _col2 (type: string), _col3 (type: decimal(7,2))
        Map 6 
            Map Operator Tree:
                TableScan
                  alias: inventory
                  Statistics: Num rows: 37584000 Data size: 593821104 Basic stats: COMPLETE Column stats: NONE
                  Filter Operator
                    predicate: (inv_quantity_on_hand BETWEEN 100 AND 500 and inv_item_sk is not null and inv_date_sk is not null) (type: boolean)
                    Statistics: Num rows: 18792000 Data size: 296910552 Basic stats: COMPLETE Column stats: NONE
                    Select Operator
                      expressions: inv_date_sk (type: int), inv_item_sk (type: int)
                      outputColumnNames: _col0, _col1
                      Statistics: Num rows: 18792000 Data size: 296910552 Basic stats: COMPLETE Column stats: NONE
                      Reduce Output Operator
                        key expressions: _col0 (type: int)
                        sort order: +
                        Map-reduce partition columns: _col0 (type: int)
                        Statistics: Num rows: 18792000 Data size: 296910552 Basic stats: COMPLETE Column stats: NONE
                        value expressions: _col1 (type: int)
        Map 8 
            Map Operator Tree:
                TableScan
                  alias: date_dim
                  Statistics: Num rows: 73049 Data size: 81741831 Basic stats: COMPLETE Column stats: NONE
                  Filter Operator
                    predicate: (d_date BETWEEN '2002-05-30' AND '2002-07-30' and d_date_sk is not null) (type: boolean)
                    Statistics: Num rows: 36524 Data size: 40870356 Basic stats: COMPLETE Column stats: NONE
                    Select Operator
                      expressions: d_date_sk (type: int)
                      outputColumnNames: _col0
                      Statistics: Num rows: 36524 Data size: 40870356 Basic stats: COMPLETE Column stats: NONE
                      Reduce Output Operator
                        key expressions: _col0 (type: int)
                        sort order: +
                        Map-reduce partition columns: _col0 (type: int)
                        Statistics: Num rows: 36524 Data size: 40870356 Basic stats: COMPLETE Column stats: NONE
        Reducer 2 
            Reduce Operator Tree:
              Join Operator
                condition map:
                     Inner Join 0 to 1
                     Inner Join 1 to 2
                keys:
                  0 _col0 (type: int)
                  1 _col0 (type: int)
                  2 _col1 (type: int)
                outputColumnNames: _col2, _col3, _col4
                Statistics: Num rows: 1267190424 Data size: 111791907016 Basic stats: COMPLETE Column stats: NONE
                Group By Operator
                  keys: _col2 (type: string), _col3 (type: string), _col4 (type: decimal(7,2))
                  mode: hash
                  outputColumnNames: _col0, _col1, _col2
                  Statistics: Num rows: 1267190424 Data size: 111791907016 Basic stats: COMPLETE Column stats: NONE
                  Reduce Output Operator
                    key expressions: _col0 (type: string), _col1 (type: string), _col2 (type: decimal(7,2))
                    sort order: +++
                    Map-reduce partition columns: _col0 (type: string), _col1 (type: string), _col2 (type: decimal(7,2))
                    Statistics: Num rows: 1267190424 Data size: 111791907016 Basic stats: COMPLETE Column stats: NONE
                    TopN Hash Memory Usage: 0.1
        Reducer 3 
            Reduce Operator Tree:
              Group By Operator
                keys: KEY._col0 (type: string), KEY._col1 (type: string), KEY._col2 (type: decimal(7,2))
                mode: mergepartial
                outputColumnNames: _col0, _col1, _col2
                Statistics: Num rows: 633595212 Data size: 55895953508 Basic stats: COMPLETE Column stats: NONE
                Reduce Output Operator
                  key expressions: _col0 (type: string)
                  sort order: +
                  Statistics: Num rows: 633595212 Data size: 55895953508 Basic stats: COMPLETE Column stats: NONE
                  TopN Hash Memory Usage: 0.1
                  value expressions: _col1 (type: string), _col2 (type: decimal(7,2))
        Reducer 4 
            Reduce Operator Tree:
              Select Operator
                expressions: KEY.reducesinkkey0 (type: string), VALUE._col0 (type: string), VALUE._col1 (type: decimal(7,2))
                outputColumnNames: _col0, _col1, _col2
                Statistics: Num rows: 633595212 Data size: 55895953508 Basic stats: COMPLETE Column stats: NONE
                Limit
                  Number of rows: 100
                  Statistics: Num rows: 100 Data size: 8800 Basic stats: COMPLETE Column stats: NONE
                  File Output Operator
                    compressed: false
                    Statistics: Num rows: 100 Data size: 8800 Basic stats: COMPLETE Column stats: NONE
                    table:
                        input format: org.apache.hadoop.mapred.SequenceFileInputFormat
                        output format: org.apache.hadoop.hive.ql.io.HiveSequenceFileOutputFormat
                        serde: org.apache.hadoop.hive.serde2.lazy.LazySimpleSerDe
        Reducer 7 
            Reduce Operator Tree:
              Join Operator
                condition map:
                     Inner Join 0 to 1
                keys:
                  0 _col0 (type: int)
                  1 _col0 (type: int)
                outputColumnNames: _col1
                Statistics: Num rows: 20671200 Data size: 326601614 Basic stats: COMPLETE Column stats: NONE
                Reduce Output Operator
                  key expressions: _col1 (type: int)
                  sort order: +
                  Map-reduce partition columns: _col1 (type: int)
                  Statistics: Num rows: 20671200 Data size: 326601614 Basic stats: COMPLETE Column stats: NONE

  Stage: Stage-0
    Fetch Operator
      limit: 100
      Processor Tree:
        ListSink

