PREHOOK: query: explain SELECT count(distinct ws1.ws_order_number) as order_count, sum(ws1.ws_ext_ship_cost) as total_shipping_cost, sum(ws1.ws_net_profit) as total_net_profit FROM web_sales ws1 JOIN customer_address ca ON (ws1.ws_ship_addr_sk = ca.ca_address_sk) JOIN web_site s ON (ws1.ws_web_site_sk = s.web_site_sk) JOIN date_dim d ON (ws1.ws_ship_date_sk = d.d_date_sk) LEFT SEMI JOIN (SELECT ws2.ws_order_number as ws_order_number FROM web_sales ws2 JOIN web_sales ws3 ON (ws2.ws_order_number = ws3.ws_order_number) WHERE ws2.ws_warehouse_sk <> ws3.ws_warehouse_sk ) ws_wh1 ON (ws1.ws_order_number = ws_wh1.ws_order_number) LEFT SEMI JOIN (SELECT wr_order_number FROM web_returns wr JOIN (SELECT ws4.ws_order_number as ws_order_number FROM web_sales ws4 JOIN web_sales ws5 ON (ws4.ws_order_number = ws5.ws_order_number) WHERE ws4.ws_warehouse_sk <> ws5.ws_warehouse_sk ) ws_wh2 ON (wr.wr_order_number = ws_wh2.ws_order_number)) tmp1 ON (ws1.ws_order_number = tmp1.wr_order_number) WHERE d.d_date between '2002-05-01' and '2002-06-30' and ca.ca_state = 'GA' and s.web_company_name = 'pri'
PREHOOK: type: QUERY
POSTHOOK: query: explain SELECT count(distinct ws1.ws_order_number) as order_count, sum(ws1.ws_ext_ship_cost) as total_shipping_cost, sum(ws1.ws_net_profit) as total_net_profit FROM web_sales ws1 JOIN customer_address ca ON (ws1.ws_ship_addr_sk = ca.ca_address_sk) JOIN web_site s ON (ws1.ws_web_site_sk = s.web_site_sk) JOIN date_dim d ON (ws1.ws_ship_date_sk = d.d_date_sk) LEFT SEMI JOIN (SELECT ws2.ws_order_number as ws_order_number FROM web_sales ws2 JOIN web_sales ws3 ON (ws2.ws_order_number = ws3.ws_order_number) WHERE ws2.ws_warehouse_sk <> ws3.ws_warehouse_sk ) ws_wh1 ON (ws1.ws_order_number = ws_wh1.ws_order_number) LEFT SEMI JOIN (SELECT wr_order_number FROM web_returns wr JOIN (SELECT ws4.ws_order_number as ws_order_number FROM web_sales ws4 JOIN web_sales ws5 ON (ws4.ws_order_number = ws5.ws_order_number) WHERE ws4.ws_warehouse_sk <> ws5.ws_warehouse_sk ) ws_wh2 ON (wr.wr_order_number = ws_wh2.ws_order_number)) tmp1 ON (ws1.ws_order_number = tmp1.wr_order_number) WHERE d.d_date between '2002-05-01' and '2002-06-30' and ca.ca_state = 'GA' and s.web_company_name = 'pri'
POSTHOOK: type: QUERY
STAGE DEPENDENCIES:
  Stage-2 is a root stage
  Stage-1 depends on stages: Stage-2
  Stage-0 depends on stages: Stage-1

STAGE PLANS:
  Stage: Stage-2
    Spark
#### A masked pattern was here ####
      Vertices:
        Map 15 
            Map Operator Tree:
                TableScan
                  alias: s
                  Statistics: Num rows: 84 Data size: 155408 Basic stats: COMPLETE Column stats: NONE
                  Filter Operator
                    predicate: (web_site_sk is not null and (web_company_name = 'pri')) (type: boolean)
                    Statistics: Num rows: 42 Data size: 77704 Basic stats: COMPLETE Column stats: NONE
                    Spark HashTable Sink Operator
                      keys:
                        0 _col13 (type: int)
                        1 web_site_sk (type: int)
            Local Work:
              Map Reduce Local Work

  Stage: Stage-1
    Spark
      Edges:
        Reducer 12 <- Map 11 (PARTITION-LEVEL SORT, 312), Map 14 (PARTITION-LEVEL SORT, 312)
        Reducer 13 <- Map 16 (PARTITION-LEVEL SORT, 186), Reducer 12 (PARTITION-LEVEL SORT, 186)
        Reducer 2 <- Map 1 (PARTITION-LEVEL SORT, 306), Map 5 (PARTITION-LEVEL SORT, 306)
        Reducer 7 <- Map 6 (PARTITION-LEVEL SORT, 306), Map 9 (PARTITION-LEVEL SORT, 306)
        Reducer 8 <- Map 10 (PARTITION-LEVEL SORT, 179), Reducer 7 (PARTITION-LEVEL SORT, 179)
        Reducer 3 <- Reducer 13 (PARTITION-LEVEL SORT, 557), Reducer 2 (PARTITION-LEVEL SORT, 557), Reducer 8 (PARTITION-LEVEL SORT, 557)
        Reducer 4 <- Reducer 3 (GROUP PARTITION-LEVEL SORT, 1)
#### A masked pattern was here ####
      Vertices:
        Map 1 
            Map Operator Tree:
                TableScan
                  alias: ws2
                  Statistics: Num rows: 144002668 Data size: 19580198212 Basic stats: COMPLETE Column stats: NONE
                  Filter Operator
                    predicate: ws_order_number is not null (type: boolean)
                    Statistics: Num rows: 144002668 Data size: 19580198212 Basic stats: COMPLETE Column stats: NONE
                    Reduce Output Operator
                      key expressions: ws_order_number (type: int)
                      sort order: +
                      Map-reduce partition columns: ws_order_number (type: int)
                      Statistics: Num rows: 144002668 Data size: 19580198212 Basic stats: COMPLETE Column stats: NONE
                      value expressions: ws_warehouse_sk (type: int)
        Map 10 
            Map Operator Tree:
                TableScan
                  alias: wr
                  Statistics: Num rows: 14398467 Data size: 1325194184 Basic stats: COMPLETE Column stats: NONE
                  Filter Operator
                    predicate: wr_order_number is not null (type: boolean)
                    Statistics: Num rows: 14398467 Data size: 1325194184 Basic stats: COMPLETE Column stats: NONE
                    Reduce Output Operator
                      key expressions: wr_order_number (type: int)
                      sort order: +
                      Map-reduce partition columns: wr_order_number (type: int)
                      Statistics: Num rows: 14398467 Data size: 1325194184 Basic stats: COMPLETE Column stats: NONE
        Map 11 
            Map Operator Tree:
                TableScan
                  alias: ws1
                  Statistics: Num rows: 144002668 Data size: 19580198212 Basic stats: COMPLETE Column stats: NONE
                  Filter Operator
                    predicate: (ws_ship_addr_sk is not null and ws_web_site_sk is not null and ws_ship_date_sk is not null and ws_order_number is not null) (type: boolean)
                    Statistics: Num rows: 144002668 Data size: 19580198212 Basic stats: COMPLETE Column stats: NONE
                    Reduce Output Operator
                      key expressions: ws_ship_addr_sk (type: int)
                      sort order: +
                      Map-reduce partition columns: ws_ship_addr_sk (type: int)
                      Statistics: Num rows: 144002668 Data size: 19580198212 Basic stats: COMPLETE Column stats: NONE
                      value expressions: ws_ship_date_sk (type: int), ws_web_site_sk (type: int), ws_order_number (type: int), ws_ext_ship_cost (type: decimal(7,2)), ws_net_profit (type: decimal(7,2))
        Map 14 
            Map Operator Tree:
                TableScan
                  alias: ca
                  Statistics: Num rows: 40000000 Data size: 40595195284 Basic stats: COMPLETE Column stats: NONE
                  Filter Operator
                    predicate: (ca_address_sk is not null and (ca_state = 'GA')) (type: boolean)
                    Statistics: Num rows: 20000000 Data size: 20297597642 Basic stats: COMPLETE Column stats: NONE
                    Reduce Output Operator
                      key expressions: ca_address_sk (type: int)
                      sort order: +
                      Map-reduce partition columns: ca_address_sk (type: int)
                      Statistics: Num rows: 20000000 Data size: 20297597642 Basic stats: COMPLETE Column stats: NONE
        Map 16 
            Map Operator Tree:
                TableScan
                  alias: d
                  Statistics: Num rows: 73049 Data size: 81741831 Basic stats: COMPLETE Column stats: NONE
                  Filter Operator
                    predicate: (d_date_sk is not null and d_date BETWEEN '2002-05-01' AND '2002-06-30') (type: boolean)
                    Statistics: Num rows: 36524 Data size: 40870356 Basic stats: COMPLETE Column stats: NONE
                    Reduce Output Operator
                      key expressions: d_date_sk (type: int)
                      sort order: +
                      Map-reduce partition columns: d_date_sk (type: int)
                      Statistics: Num rows: 36524 Data size: 40870356 Basic stats: COMPLETE Column stats: NONE
        Map 5 
            Map Operator Tree:
                TableScan
                  alias: ws3
                  Statistics: Num rows: 144002668 Data size: 19580198212 Basic stats: COMPLETE Column stats: NONE
                  Filter Operator
                    predicate: ws_order_number is not null (type: boolean)
                    Statistics: Num rows: 144002668 Data size: 19580198212 Basic stats: COMPLETE Column stats: NONE
                    Reduce Output Operator
                      key expressions: ws_order_number (type: int)
                      sort order: +
                      Map-reduce partition columns: ws_order_number (type: int)
                      Statistics: Num rows: 144002668 Data size: 19580198212 Basic stats: COMPLETE Column stats: NONE
                      value expressions: ws_warehouse_sk (type: int)
        Map 6 
            Map Operator Tree:
                TableScan
                  alias: ws4
                  Statistics: Num rows: 144002668 Data size: 19580198212 Basic stats: COMPLETE Column stats: NONE
                  Filter Operator
                    predicate: ws_order_number is not null (type: boolean)
                    Statistics: Num rows: 144002668 Data size: 19580198212 Basic stats: COMPLETE Column stats: NONE
                    Reduce Output Operator
                      key expressions: ws_order_number (type: int)
                      sort order: +
                      Map-reduce partition columns: ws_order_number (type: int)
                      Statistics: Num rows: 144002668 Data size: 19580198212 Basic stats: COMPLETE Column stats: NONE
                      value expressions: ws_warehouse_sk (type: int)
        Map 9 
            Map Operator Tree:
                TableScan
                  alias: ws5
                  Statistics: Num rows: 144002668 Data size: 19580198212 Basic stats: COMPLETE Column stats: NONE
                  Filter Operator
                    predicate: ws_order_number is not null (type: boolean)
                    Statistics: Num rows: 144002668 Data size: 19580198212 Basic stats: COMPLETE Column stats: NONE
                    Reduce Output Operator
                      key expressions: ws_order_number (type: int)
                      sort order: +
                      Map-reduce partition columns: ws_order_number (type: int)
                      Statistics: Num rows: 144002668 Data size: 19580198212 Basic stats: COMPLETE Column stats: NONE
                      value expressions: ws_warehouse_sk (type: int)
        Reducer 12 
            Local Work:
              Map Reduce Local Work
            Reduce Operator Tree:
              Join Operator
                condition map:
                     Inner Join 0 to 1
                keys:
                  0 ws_ship_addr_sk (type: int)
                  1 ca_address_sk (type: int)
                outputColumnNames: _col2, _col13, _col17, _col28, _col33
                Statistics: Num rows: 158402938 Data size: 21538218500 Basic stats: COMPLETE Column stats: NONE
                Map Join Operator
                  condition map:
                       Inner Join 0 to 1
                  keys:
                    0 _col13 (type: int)
                    1 web_site_sk (type: int)
                  outputColumnNames: _col2, _col17, _col28, _col33
                  input vertices:
                    1 Map 15
                  Statistics: Num rows: 174243235 Data size: 23692040863 Basic stats: COMPLETE Column stats: NONE
                  Reduce Output Operator
                    key expressions: _col2 (type: int)
                    sort order: +
                    Map-reduce partition columns: _col2 (type: int)
                    Statistics: Num rows: 174243235 Data size: 23692040863 Basic stats: COMPLETE Column stats: NONE
                    value expressions: _col17 (type: int), _col28 (type: decimal(7,2)), _col33 (type: decimal(7,2))
        Reducer 13 
            Reduce Operator Tree:
              Join Operator
                condition map:
                     Inner Join 0 to 1
                keys:
                  0 _col2 (type: int)
                  1 d_date_sk (type: int)
                outputColumnNames: _col17, _col28, _col33
                Statistics: Num rows: 191667562 Data size: 26061245514 Basic stats: COMPLETE Column stats: NONE
                Reduce Output Operator
                  key expressions: _col17 (type: int)
                  sort order: +
                  Map-reduce partition columns: _col17 (type: int)
                  Statistics: Num rows: 191667562 Data size: 26061245514 Basic stats: COMPLETE Column stats: NONE
                  value expressions: _col28 (type: decimal(7,2)), _col33 (type: decimal(7,2))
        Reducer 2 
            Reduce Operator Tree:
              Join Operator
                condition map:
                     Inner Join 0 to 1
                keys:
                  0 ws_order_number (type: int)
                  1 ws_order_number (type: int)
                outputColumnNames: _col15, _col17, _col52
                Statistics: Num rows: 158402938 Data size: 21538218500 Basic stats: COMPLETE Column stats: NONE
                Filter Operator
                  predicate: (_col15 <> _col52) (type: boolean)
                  Statistics: Num rows: 158402938 Data size: 21538218500 Basic stats: COMPLETE Column stats: NONE
                  Select Operator
                    expressions: _col17 (type: int)
                    outputColumnNames: _col0
                    Statistics: Num rows: 158402938 Data size: 21538218500 Basic stats: COMPLETE Column stats: NONE
                    Group By Operator
                      keys: _col0 (type: int)
                      mode: hash
                      outputColumnNames: _col0
                      Statistics: Num rows: 158402938 Data size: 21538218500 Basic stats: COMPLETE Column stats: NONE
                      Reduce Output Operator
                        key expressions: _col0 (type: int)
                        sort order: +
                        Map-reduce partition columns: _col0 (type: int)
                        Statistics: Num rows: 158402938 Data size: 21538218500 Basic stats: COMPLETE Column stats: NONE
        Reducer 3 
            Reduce Operator Tree:
              Join Operator
                condition map:
                     Left Semi Join 0 to 1
                     Left Semi Join 0 to 2
                keys:
                  0 _col17 (type: int)
                  1 _col0 (type: int)
                  2 _col0 (type: int)
                outputColumnNames: _col17, _col28, _col33
                Statistics: Num rows: 421668645 Data size: 57334741373 Basic stats: COMPLETE Column stats: NONE
                Group By Operator
                  aggregations: count(DISTINCT _col17), sum(_col28), sum(_col33)
                  keys: _col17 (type: int)
                  mode: hash
                  outputColumnNames: _col0, _col1, _col2, _col3
                  Statistics: Num rows: 421668645 Data size: 57334741373 Basic stats: COMPLETE Column stats: NONE
                  Reduce Output Operator
                    key expressions: _col0 (type: int)
                    sort order: +
                    Statistics: Num rows: 421668645 Data size: 57334741373 Basic stats: COMPLETE Column stats: NONE
                    value expressions: _col2 (type: decimal(17,2)), _col3 (type: decimal(17,2))
        Reducer 4 
            Reduce Operator Tree:
              Group By Operator
                aggregations: count(DISTINCT KEY._col0:0._col0), sum(VALUE._col1), sum(VALUE._col2)
                mode: mergepartial
                outputColumnNames: _col0, _col1, _col2
                Statistics: Num rows: 1 Data size: 344 Basic stats: COMPLETE Column stats: NONE
                File Output Operator
                  compressed: false
                  Statistics: Num rows: 1 Data size: 344 Basic stats: COMPLETE Column stats: NONE
                  table:
                      input format: org.apache.hadoop.mapred.SequenceFileInputFormat
                      output format: org.apache.hadoop.hive.ql.io.HiveSequenceFileOutputFormat
                      serde: org.apache.hadoop.hive.serde2.lazy.LazySimpleSerDe
        Reducer 7 
            Reduce Operator Tree:
              Join Operator
                condition map:
                     Inner Join 0 to 1
                keys:
                  0 ws_order_number (type: int)
                  1 ws_order_number (type: int)
                outputColumnNames: _col15, _col17, _col52
                Statistics: Num rows: 158402938 Data size: 21538218500 Basic stats: COMPLETE Column stats: NONE
                Filter Operator
                  predicate: (_col15 <> _col52) (type: boolean)
                  Statistics: Num rows: 158402938 Data size: 21538218500 Basic stats: COMPLETE Column stats: NONE
                  Select Operator
                    expressions: _col17 (type: int)
                    outputColumnNames: _col0
                    Statistics: Num rows: 158402938 Data size: 21538218500 Basic stats: COMPLETE Column stats: NONE
                    Reduce Output Operator
                      key expressions: _col0 (type: int)
                      sort order: +
                      Map-reduce partition columns: _col0 (type: int)
                      Statistics: Num rows: 158402938 Data size: 21538218500 Basic stats: COMPLETE Column stats: NONE
        Reducer 8 
            Reduce Operator Tree:
              Join Operator
                condition map:
                     Inner Join 0 to 1
                keys:
                  0 wr_order_number (type: int)
                  1 _col0 (type: int)
                outputColumnNames: _col13
                Statistics: Num rows: 174243235 Data size: 23692040863 Basic stats: COMPLETE Column stats: NONE
                Select Operator
                  expressions: _col13 (type: int)
                  outputColumnNames: _col0
                  Statistics: Num rows: 174243235 Data size: 23692040863 Basic stats: COMPLETE Column stats: NONE
                  Group By Operator
                    keys: _col0 (type: int)
                    mode: hash
                    outputColumnNames: _col0
                    Statistics: Num rows: 174243235 Data size: 23692040863 Basic stats: COMPLETE Column stats: NONE
                    Reduce Output Operator
                      key expressions: _col0 (type: int)
                      sort order: +
                      Map-reduce partition columns: _col0 (type: int)
                      Statistics: Num rows: 174243235 Data size: 23692040863 Basic stats: COMPLETE Column stats: NONE

  Stage: Stage-0
    Fetch Operator
      limit: -1
      Processor Tree:
        ListSink

